2019-10-12 18:55:02,795 INFO org.springframework.boot.StartupInfoLogger [main] Starting DemoApplication on MACHINE-0EN2R4S with PID 3164 (C:\Users\w1jtoo\Desktop\programming\Java\SpringBootWebApp\target\classes started by w1jtoo in C:\Users\w1jtoo\Desktop\programming\Java\SpringBootWebApp)
2019-10-12 18:55:02,800 INFO org.springframework.boot.SpringApplication [main] No active profile set, falling back to default profiles: default
2019-10-12 18:55:03,666 INFO org.springframework.data.repository.config.RepositoryConfigurationDelegate [main] Bootstrapping Spring Data repositories in DEFAULT mode.
2019-10-12 18:55:03,734 INFO org.springframework.data.repository.config.RepositoryConfigurationDelegate [main] Finished Spring Data repository scanning in 61ms. Found 1 repository interfaces.
2019-10-12 18:55:04,039 INFO org.springframework.context.support.PostProcessorRegistrationDelegate$BeanPostProcessorChecker [main] Bean 'org.springframework.transaction.annotation.ProxyTransactionManagementConfiguration' of type [org.springframework.transaction.annotation.ProxyTransactionManagementConfiguration$$EnhancerBySpringCGLIB$$9d6e248b] is not eligible for getting processed by all BeanPostProcessors (for example: not eligible for auto-proxying)
2019-10-12 18:55:04,293 INFO org.springframework.boot.web.embedded.tomcat.TomcatWebServer [main] Tomcat initialized with port(s): 8089 (http)
2019-10-12 18:55:04,305 INFO org.apache.juli.logging.DirectJDKLog [main] Initializing ProtocolHandler ["http-nio-8089"]
2019-10-12 18:55:04,315 INFO org.apache.juli.logging.DirectJDKLog [main] Starting service [Tomcat]
2019-10-12 18:55:04,316 INFO org.apache.juli.logging.DirectJDKLog [main] Starting Servlet engine: [Apache Tomcat/9.0.24]
2019-10-12 18:55:04,429 INFO org.apache.juli.logging.DirectJDKLog [main] Initializing Spring embedded WebApplicationContext
2019-10-12 18:55:04,429 INFO org.springframework.boot.web.servlet.context.ServletWebServerApplicationContext [main] Root WebApplicationContext: initialization completed in 1571 ms
2019-10-12 18:55:04,518 INFO com.zaxxer.hikari.HikariDataSource [main] HikariPool-1 - Starting...
2019-10-12 18:55:04,604 INFO com.zaxxer.hikari.HikariDataSource [main] HikariPool-1 - Start completed.
2019-10-12 18:55:05,356 INFO liquibase.logging.core.Slf4jLogger [main] SELECT COUNT(*) FROM public.databasechangeloglock
2019-10-12 18:55:05,358 INFO liquibase.logging.core.Slf4jLogger [main] SELECT COUNT(*) FROM public.databasechangeloglock
2019-10-12 18:55:05,359 INFO liquibase.logging.core.Slf4jLogger [main] SELECT LOCKED FROM public.databasechangeloglock WHERE ID=1
2019-10-12 18:55:05,367 INFO liquibase.logging.core.Slf4jLogger [main] Successfully acquired change log lock
2019-10-12 18:55:06,084 INFO liquibase.logging.core.Slf4jLogger [main] SELECT MD5SUM FROM public.databasechangelog WHERE MD5SUM IS NOT NULL LIMIT 1
2019-10-12 18:55:06,085 INFO liquibase.logging.core.Slf4jLogger [main] SELECT COUNT(*) FROM public.databasechangelog
2019-10-12 18:55:06,086 INFO liquibase.logging.core.Slf4jLogger [main] Reading from public.databasechangelog
2019-10-12 18:55:06,087 INFO liquibase.logging.core.Slf4jLogger [main] SELECT * FROM public.databasechangelog ORDER BY DATEEXECUTED ASC, ORDEREXECUTED ASC
2019-10-12 18:55:06,097 INFO liquibase.logging.core.Slf4jLogger [main] Successfully released change log lock
2019-10-12 18:55:06,168 INFO org.hibernate.jpa.internal.util.LogHelper [main] HHH000204: Processing PersistenceUnitInfo [
	name: default
	...]
2019-10-12 18:55:06,216 INFO org.hibernate.Version [main] HHH000412: Hibernate Core {5.3.11.Final}
2019-10-12 18:55:06,218 INFO org.hibernate.cfg.Environment [main] HHH000206: hibernate.properties not found
2019-10-12 18:55:06,300 INFO org.hibernate.annotations.common.reflection.java.JavaReflectionManager [main] HCANN000001: Hibernate Commons Annotations {5.0.4.Final}
2019-10-12 18:55:06,395 INFO org.hibernate.dialect.Dialect [main] HHH000400: Using dialect: org.hibernate.dialect.PostgreSQL95Dialect
2019-10-12 18:55:06,455 INFO org.hibernate.engine.jdbc.env.internal.LobCreatorBuilderImpl [main] HHH000424: Disabling contextual LOB creation as createClob() method threw error : java.lang.reflect.InvocationTargetException
java.lang.reflect.InvocationTargetException: null
	at java.base/jdk.internal.reflect.NativeMethodAccessorImpl.invoke0(Native Method)
	at java.base/jdk.internal.reflect.NativeMethodAccessorImpl.invoke(NativeMethodAccessorImpl.java:62)
	at java.base/jdk.internal.reflect.DelegatingMethodAccessorImpl.invoke(DelegatingMethodAccessorImpl.java:43)
	at java.base/java.lang.reflect.Method.invoke(Method.java:567)
	at org.hibernate.engine.jdbc.env.internal.LobCreatorBuilderImpl.useContextualLobCreation(LobCreatorBuilderImpl.java:113)
	at org.hibernate.engine.jdbc.env.internal.LobCreatorBuilderImpl.makeLobCreatorBuilder(LobCreatorBuilderImpl.java:54)
	at org.hibernate.engine.jdbc.env.internal.JdbcEnvironmentImpl.<init>(JdbcEnvironmentImpl.java:271)
	at org.hibernate.engine.jdbc.env.internal.JdbcEnvironmentInitiator.initiateService(JdbcEnvironmentInitiator.java:114)
	at org.hibernate.engine.jdbc.env.internal.JdbcEnvironmentInitiator.initiateService(JdbcEnvironmentInitiator.java:35)
	at org.hibernate.boot.registry.internal.StandardServiceRegistryImpl.initiateService(StandardServiceRegistryImpl.java:94)
	at org.hibernate.service.internal.AbstractServiceRegistryImpl.createService(AbstractServiceRegistryImpl.java:263)
	at org.hibernate.service.internal.AbstractServiceRegistryImpl.initializeService(AbstractServiceRegistryImpl.java:237)
	at org.hibernate.service.internal.AbstractServiceRegistryImpl.getService(AbstractServiceRegistryImpl.java:214)
	at org.hibernate.id.factory.internal.DefaultIdentifierGeneratorFactory.injectServices(DefaultIdentifierGeneratorFactory.java:152)
	at org.hibernate.service.internal.AbstractServiceRegistryImpl.injectDependencies(AbstractServiceRegistryImpl.java:286)
	at org.hibernate.service.internal.AbstractServiceRegistryImpl.initializeService(AbstractServiceRegistryImpl.java:243)
	at org.hibernate.service.internal.AbstractServiceRegistryImpl.getService(AbstractServiceRegistryImpl.java:214)
	at org.hibernate.boot.internal.InFlightMetadataCollectorImpl.<init>(InFlightMetadataCollectorImpl.java:179)
	at org.hibernate.boot.model.process.spi.MetadataBuildingProcess.complete(MetadataBuildingProcess.java:119)
	at org.hibernate.jpa.boot.internal.EntityManagerFactoryBuilderImpl.metadata(EntityManagerFactoryBuilderImpl.java:904)
	at org.hibernate.jpa.boot.internal.EntityManagerFactoryBuilderImpl.build(EntityManagerFactoryBuilderImpl.java:935)
	at org.springframework.orm.jpa.vendor.SpringHibernateJpaPersistenceProvider.createContainerEntityManagerFactory(SpringHibernateJpaPersistenceProvider.java:57)
	at org.springframework.orm.jpa.LocalContainerEntityManagerFactoryBean.createNativeEntityManagerFactory(LocalContainerEntityManagerFactoryBean.java:365)
	at org.springframework.orm.jpa.AbstractEntityManagerFactoryBean.buildNativeEntityManagerFactory(AbstractEntityManagerFactoryBean.java:390)
	at org.springframework.orm.jpa.AbstractEntityManagerFactoryBean.afterPropertiesSet(AbstractEntityManagerFactoryBean.java:377)
	at org.springframework.orm.jpa.LocalContainerEntityManagerFactoryBean.afterPropertiesSet(LocalContainerEntityManagerFactoryBean.java:341)
	at org.springframework.beans.factory.support.AbstractAutowireCapableBeanFactory.invokeInitMethods(AbstractAutowireCapableBeanFactory.java:1837)
	at org.springframework.beans.factory.support.AbstractAutowireCapableBeanFactory.initializeBean(AbstractAutowireCapableBeanFactory.java:1774)
	at org.springframework.beans.factory.support.AbstractAutowireCapableBeanFactory.doCreateBean(AbstractAutowireCapableBeanFactory.java:593)
	at org.springframework.beans.factory.support.AbstractAutowireCapableBeanFactory.createBean(AbstractAutowireCapableBeanFactory.java:515)
	at org.springframework.beans.factory.support.AbstractBeanFactory.lambda$doGetBean$0(AbstractBeanFactory.java:320)
	at org.springframework.beans.factory.support.DefaultSingletonBeanRegistry.getSingleton(DefaultSingletonBeanRegistry.java:222)
	at org.springframework.beans.factory.support.AbstractBeanFactory.doGetBean(AbstractBeanFactory.java:318)
	at org.springframework.beans.factory.support.AbstractBeanFactory.getBean(AbstractBeanFactory.java:199)
	at org.springframework.context.support.AbstractApplicationContext.getBean(AbstractApplicationContext.java:1105)
	at org.springframework.context.support.AbstractApplicationContext.finishBeanFactoryInitialization(AbstractApplicationContext.java:867)
	at org.springframework.context.support.AbstractApplicationContext.refresh(AbstractApplicationContext.java:549)
	at org.springframework.boot.web.servlet.context.ServletWebServerApplicationContext.refresh(ServletWebServerApplicationContext.java:141)
	at org.springframework.boot.SpringApplication.refresh(SpringApplication.java:744)
	at org.springframework.boot.SpringApplication.refreshContext(SpringApplication.java:391)
	at org.springframework.boot.SpringApplication.run(SpringApplication.java:312)
	at org.springframework.boot.SpringApplication.run(SpringApplication.java:1215)
	at org.springframework.boot.SpringApplication.run(SpringApplication.java:1204)
	at com.example.demo.DemoApplication.main(DemoApplication.java:19)
Caused by: java.sql.SQLFeatureNotSupportedException: Метод org.postgresql.jdbc.PgConnection.createClob() ещё не реализован
	at org.postgresql.Driver.notImplemented(Driver.java:692)
	at org.postgresql.jdbc.PgConnection.createClob(PgConnection.java:1265)
	... 44 common frames omitted
2019-10-12 18:55:06,461 INFO org.hibernate.type.BasicTypeRegistry [main] HHH000270: Type registration [java.util.UUID] overrides previous : org.hibernate.type.UUIDBinaryType@320770d7
2019-10-12 18:55:06,879 INFO org.springframework.orm.jpa.AbstractEntityManagerFactoryBean [main] Initialized JPA EntityManagerFactory for persistence unit 'default'
2019-10-12 18:55:07,218 INFO org.springframework.scheduling.concurrent.ExecutorConfigurationSupport [main] Initializing ExecutorService 'applicationTaskExecutor'
2019-10-12 18:55:07,248 WARN org.springframework.boot.autoconfigure.orm.jpa.JpaBaseConfiguration$JpaWebConfiguration$JpaWebMvcConfiguration [main] spring.jpa.open-in-view is enabled by default. Therefore, database queries may be performed during view rendering. Explicitly configure spring.jpa.open-in-view to disable this warning
2019-10-12 18:55:07,647 INFO org.apache.juli.logging.DirectJDKLog [main] Starting ProtocolHandler ["http-nio-8089"]
2019-10-12 18:55:07,666 INFO org.springframework.boot.web.embedded.tomcat.TomcatWebServer [main] Tomcat started on port(s): 8089 (http) with context path ''
2019-10-12 18:55:07,668 INFO org.springframework.boot.StartupInfoLogger [main] Started DemoApplication in 5.535 seconds (JVM running for 6.663)
2019-10-12 18:55:21,021 INFO org.apache.juli.logging.DirectJDKLog [http-nio-8089-exec-3] Initializing Spring DispatcherServlet 'dispatcherServlet'
2019-10-12 18:55:21,022 INFO org.springframework.web.servlet.FrameworkServlet [http-nio-8089-exec-3] Initializing Servlet 'dispatcherServlet'
2019-10-12 18:55:21,030 INFO org.springframework.web.servlet.FrameworkServlet [http-nio-8089-exec-3] Completed initialization in 7 ms
2019-10-12 18:55:21,052 INFO com.example.demo.logic.controllers.LoginRestController [http-nio-8089-exec-3] HEY IM LOGGER
2019-10-12 18:55:21,052 INFO com.example.demo.logic.controllers.LoginRestController [http-nio-8089-exec-3] An INFO Message
2019-10-12 18:55:21,053 WARN com.example.demo.logic.controllers.LoginRestController [http-nio-8089-exec-3] A WARN Message
2019-10-12 18:55:21,053 ERROR com.example.demo.logic.controllers.LoginRestController [http-nio-8089-exec-3] An ERROR Message
2019-10-12 18:57:33,666 WARN org.springframework.boot.autoconfigure.orm.jpa.JpaBaseConfiguration$JpaWebConfiguration$JpaWebMvcConfiguration [main] spring.jpa.open-in-view is enabled by default. Therefore, database queries may be performed during view rendering. Explicitly configure spring.jpa.open-in-view to disable this warning
2019-10-12 18:58:23,052 WARN org.springframework.boot.autoconfigure.orm.jpa.JpaBaseConfiguration$JpaWebConfiguration$JpaWebMvcConfiguration [main] spring.jpa.open-in-view is enabled by default. Therefore, database queries may be performed during view rendering. Explicitly configure spring.jpa.open-in-view to disable this warning
2019-10-12 18:58:34,682 WARN com.example.demo.logic.controllers.LoginRestController [http-nio-8089-exec-1] A WARN Message
2019-10-12 18:58:34,684 ERROR com.example.demo.logic.controllers.LoginRestController [http-nio-8089-exec-1] An ERROR Message
2019-10-12 19:00:30,763 INFO org.springframework.boot.StartupInfoLogger [main] Starting DemoApplication on MACHINE-0EN2R4S with PID 1408 (C:\Users\w1jtoo\Desktop\programming\Java\SpringBootWebApp\target\classes started by w1jtoo in C:\Users\w1jtoo\Desktop\programming\Java\SpringBootWebApp)
2019-10-12 19:00:30,768 INFO org.springframework.boot.SpringApplication [main] No active profile set, falling back to default profiles: default
2019-10-12 19:00:32,027 INFO org.springframework.data.repository.config.RepositoryConfigurationDelegate [main] Bootstrapping Spring Data repositories in DEFAULT mode.
2019-10-12 19:00:32,111 INFO org.springframework.data.repository.config.RepositoryConfigurationDelegate [main] Finished Spring Data repository scanning in 76ms. Found 1 repository interfaces.
2019-10-12 19:00:32,694 INFO org.springframework.context.support.PostProcessorRegistrationDelegate$BeanPostProcessorChecker [main] Bean 'org.springframework.transaction.annotation.ProxyTransactionManagementConfiguration' of type [org.springframework.transaction.annotation.ProxyTransactionManagementConfiguration$$EnhancerBySpringCGLIB$$5d36177c] is not eligible for getting processed by all BeanPostProcessors (for example: not eligible for auto-proxying)
2019-10-12 19:00:33,080 INFO org.springframework.boot.web.embedded.tomcat.TomcatWebServer [main] Tomcat initialized with port(s): 8089 (http)
2019-10-12 19:00:33,099 INFO org.apache.juli.logging.DirectJDKLog [main] Initializing ProtocolHandler ["http-nio-8089"]
2019-10-12 19:00:33,120 INFO org.apache.juli.logging.DirectJDKLog [main] Starting service [Tomcat]
2019-10-12 19:00:33,121 INFO org.apache.juli.logging.DirectJDKLog [main] Starting Servlet engine: [Apache Tomcat/9.0.24]
2019-10-12 19:00:33,268 INFO org.apache.juli.logging.DirectJDKLog [main] Initializing Spring embedded WebApplicationContext
2019-10-12 19:00:33,268 INFO org.springframework.boot.web.servlet.context.ServletWebServerApplicationContext [main] Root WebApplicationContext: initialization completed in 2375 ms
2019-10-12 19:00:33,401 INFO com.zaxxer.hikari.HikariDataSource [main] HikariPool-1 - Starting...
2019-10-12 19:00:33,522 INFO com.zaxxer.hikari.HikariDataSource [main] HikariPool-1 - Start completed.
2019-10-12 19:00:34,544 INFO liquibase.logging.core.Slf4jLogger [main] SELECT COUNT(*) FROM public.databasechangeloglock
2019-10-12 19:00:34,547 INFO liquibase.logging.core.Slf4jLogger [main] SELECT COUNT(*) FROM public.databasechangeloglock
2019-10-12 19:00:34,549 INFO liquibase.logging.core.Slf4jLogger [main] SELECT LOCKED FROM public.databasechangeloglock WHERE ID=1
2019-10-12 19:00:34,562 INFO liquibase.logging.core.Slf4jLogger [main] Successfully acquired change log lock
2019-10-12 19:00:35,571 INFO liquibase.logging.core.Slf4jLogger [main] SELECT MD5SUM FROM public.databasechangelog WHERE MD5SUM IS NOT NULL LIMIT 1
2019-10-12 19:00:35,573 INFO liquibase.logging.core.Slf4jLogger [main] SELECT COUNT(*) FROM public.databasechangelog
2019-10-12 19:00:35,574 INFO liquibase.logging.core.Slf4jLogger [main] Reading from public.databasechangelog
2019-10-12 19:00:35,575 INFO liquibase.logging.core.Slf4jLogger [main] SELECT * FROM public.databasechangelog ORDER BY DATEEXECUTED ASC, ORDEREXECUTED ASC
2019-10-12 19:00:35,588 INFO liquibase.logging.core.Slf4jLogger [main] Successfully released change log lock
2019-10-12 19:00:35,682 INFO org.hibernate.jpa.internal.util.LogHelper [main] HHH000204: Processing PersistenceUnitInfo [
	name: default
	...]
2019-10-12 19:00:35,746 INFO org.hibernate.Version [main] HHH000412: Hibernate Core {5.3.11.Final}
2019-10-12 19:00:35,750 INFO org.hibernate.cfg.Environment [main] HHH000206: hibernate.properties not found
2019-10-12 19:00:35,870 INFO org.hibernate.annotations.common.reflection.java.JavaReflectionManager [main] HCANN000001: Hibernate Commons Annotations {5.0.4.Final}
2019-10-12 19:00:35,995 INFO org.hibernate.dialect.Dialect [main] HHH000400: Using dialect: org.hibernate.dialect.PostgreSQL95Dialect
2019-10-12 19:00:36,078 INFO org.hibernate.engine.jdbc.env.internal.LobCreatorBuilderImpl [main] HHH000424: Disabling contextual LOB creation as createClob() method threw error : java.lang.reflect.InvocationTargetException
java.lang.reflect.InvocationTargetException: null
	at java.base/jdk.internal.reflect.NativeMethodAccessorImpl.invoke0(Native Method)
	at java.base/jdk.internal.reflect.NativeMethodAccessorImpl.invoke(NativeMethodAccessorImpl.java:62)
	at java.base/jdk.internal.reflect.DelegatingMethodAccessorImpl.invoke(DelegatingMethodAccessorImpl.java:43)
	at java.base/java.lang.reflect.Method.invoke(Method.java:567)
	at org.hibernate.engine.jdbc.env.internal.LobCreatorBuilderImpl.useContextualLobCreation(LobCreatorBuilderImpl.java:113)
	at org.hibernate.engine.jdbc.env.internal.LobCreatorBuilderImpl.makeLobCreatorBuilder(LobCreatorBuilderImpl.java:54)
	at org.hibernate.engine.jdbc.env.internal.JdbcEnvironmentImpl.<init>(JdbcEnvironmentImpl.java:271)
	at org.hibernate.engine.jdbc.env.internal.JdbcEnvironmentInitiator.initiateService(JdbcEnvironmentInitiator.java:114)
	at org.hibernate.engine.jdbc.env.internal.JdbcEnvironmentInitiator.initiateService(JdbcEnvironmentInitiator.java:35)
	at org.hibernate.boot.registry.internal.StandardServiceRegistryImpl.initiateService(StandardServiceRegistryImpl.java:94)
	at org.hibernate.service.internal.AbstractServiceRegistryImpl.createService(AbstractServiceRegistryImpl.java:263)
	at org.hibernate.service.internal.AbstractServiceRegistryImpl.initializeService(AbstractServiceRegistryImpl.java:237)
	at org.hibernate.service.internal.AbstractServiceRegistryImpl.getService(AbstractServiceRegistryImpl.java:214)
	at org.hibernate.id.factory.internal.DefaultIdentifierGeneratorFactory.injectServices(DefaultIdentifierGeneratorFactory.java:152)
	at org.hibernate.service.internal.AbstractServiceRegistryImpl.injectDependencies(AbstractServiceRegistryImpl.java:286)
	at org.hibernate.service.internal.AbstractServiceRegistryImpl.initializeService(AbstractServiceRegistryImpl.java:243)
	at org.hibernate.service.internal.AbstractServiceRegistryImpl.getService(AbstractServiceRegistryImpl.java:214)
	at org.hibernate.boot.internal.InFlightMetadataCollectorImpl.<init>(InFlightMetadataCollectorImpl.java:179)
	at org.hibernate.boot.model.process.spi.MetadataBuildingProcess.complete(MetadataBuildingProcess.java:119)
	at org.hibernate.jpa.boot.internal.EntityManagerFactoryBuilderImpl.metadata(EntityManagerFactoryBuilderImpl.java:904)
	at org.hibernate.jpa.boot.internal.EntityManagerFactoryBuilderImpl.build(EntityManagerFactoryBuilderImpl.java:935)
	at org.springframework.orm.jpa.vendor.SpringHibernateJpaPersistenceProvider.createContainerEntityManagerFactory(SpringHibernateJpaPersistenceProvider.java:57)
	at org.springframework.orm.jpa.LocalContainerEntityManagerFactoryBean.createNativeEntityManagerFactory(LocalContainerEntityManagerFactoryBean.java:365)
	at org.springframework.orm.jpa.AbstractEntityManagerFactoryBean.buildNativeEntityManagerFactory(AbstractEntityManagerFactoryBean.java:390)
	at org.springframework.orm.jpa.AbstractEntityManagerFactoryBean.afterPropertiesSet(AbstractEntityManagerFactoryBean.java:377)
	at org.springframework.orm.jpa.LocalContainerEntityManagerFactoryBean.afterPropertiesSet(LocalContainerEntityManagerFactoryBean.java:341)
	at org.springframework.beans.factory.support.AbstractAutowireCapableBeanFactory.invokeInitMethods(AbstractAutowireCapableBeanFactory.java:1837)
	at org.springframework.beans.factory.support.AbstractAutowireCapableBeanFactory.initializeBean(AbstractAutowireCapableBeanFactory.java:1774)
	at org.springframework.beans.factory.support.AbstractAutowireCapableBeanFactory.doCreateBean(AbstractAutowireCapableBeanFactory.java:593)
	at org.springframework.beans.factory.support.AbstractAutowireCapableBeanFactory.createBean(AbstractAutowireCapableBeanFactory.java:515)
	at org.springframework.beans.factory.support.AbstractBeanFactory.lambda$doGetBean$0(AbstractBeanFactory.java:320)
	at org.springframework.beans.factory.support.DefaultSingletonBeanRegistry.getSingleton(DefaultSingletonBeanRegistry.java:222)
	at org.springframework.beans.factory.support.AbstractBeanFactory.doGetBean(AbstractBeanFactory.java:318)
	at org.springframework.beans.factory.support.AbstractBeanFactory.getBean(AbstractBeanFactory.java:199)
	at org.springframework.context.support.AbstractApplicationContext.getBean(AbstractApplicationContext.java:1105)
	at org.springframework.context.support.AbstractApplicationContext.finishBeanFactoryInitialization(AbstractApplicationContext.java:867)
	at org.springframework.context.support.AbstractApplicationContext.refresh(AbstractApplicationContext.java:549)
	at org.springframework.boot.web.servlet.context.ServletWebServerApplicationContext.refresh(ServletWebServerApplicationContext.java:141)
	at org.springframework.boot.SpringApplication.refresh(SpringApplication.java:744)
	at org.springframework.boot.SpringApplication.refreshContext(SpringApplication.java:391)
	at org.springframework.boot.SpringApplication.run(SpringApplication.java:312)
	at org.springframework.boot.SpringApplication.run(SpringApplication.java:1215)
	at org.springframework.boot.SpringApplication.run(SpringApplication.java:1204)
	at com.example.demo.DemoApplication.main(DemoApplication.java:19)
Caused by: java.sql.SQLFeatureNotSupportedException: Метод org.postgresql.jdbc.PgConnection.createClob() ещё не реализован
	at org.postgresql.Driver.notImplemented(Driver.java:692)
	at org.postgresql.jdbc.PgConnection.createClob(PgConnection.java:1265)
	... 44 common frames omitted
2019-10-12 19:00:36,090 INFO org.hibernate.type.BasicTypeRegistry [main] HHH000270: Type registration [java.util.UUID] overrides previous : org.hibernate.type.UUIDBinaryType@4da9da6c
2019-10-12 19:00:36,592 INFO org.springframework.orm.jpa.AbstractEntityManagerFactoryBean [main] Initialized JPA EntityManagerFactory for persistence unit 'default'
2019-10-12 19:00:37,010 INFO org.springframework.scheduling.concurrent.ExecutorConfigurationSupport [main] Initializing ExecutorService 'applicationTaskExecutor'
2019-10-12 19:00:37,043 WARN org.springframework.boot.autoconfigure.orm.jpa.JpaBaseConfiguration$JpaWebConfiguration$JpaWebMvcConfiguration [main] spring.jpa.open-in-view is enabled by default. Therefore, database queries may be performed during view rendering. Explicitly configure spring.jpa.open-in-view to disable this warning
2019-10-12 19:00:37,596 INFO org.apache.juli.logging.DirectJDKLog [main] Starting ProtocolHandler ["http-nio-8089"]
2019-10-12 19:00:37,621 INFO org.springframework.boot.web.embedded.tomcat.TomcatWebServer [main] Tomcat started on port(s): 8089 (http) with context path ''
2019-10-12 19:00:37,625 INFO org.springframework.boot.StartupInfoLogger [main] Started DemoApplication in 7.805 seconds (JVM running for 9.653)
2019-10-12 19:01:05,114 INFO org.springframework.boot.StartupInfoLogger [main] Starting DemoApplication on MACHINE-0EN2R4S with PID 12032 (C:\Users\w1jtoo\Desktop\programming\Java\SpringBootWebApp\target\classes started by w1jtoo in C:\Users\w1jtoo\Desktop\programming\Java\SpringBootWebApp)
2019-10-12 19:01:05,119 INFO org.springframework.boot.SpringApplication [main] No active profile set, falling back to default profiles: default
2019-10-12 19:01:06,179 INFO org.springframework.data.repository.config.RepositoryConfigurationDelegate [main] Bootstrapping Spring Data repositories in DEFAULT mode.
2019-10-12 19:01:06,254 INFO org.springframework.data.repository.config.RepositoryConfigurationDelegate [main] Finished Spring Data repository scanning in 66ms. Found 1 repository interfaces.
2019-10-12 19:01:06,650 INFO org.springframework.context.support.PostProcessorRegistrationDelegate$BeanPostProcessorChecker [main] Bean 'org.springframework.transaction.annotation.ProxyTransactionManagementConfiguration' of type [org.springframework.transaction.annotation.ProxyTransactionManagementConfiguration$$EnhancerBySpringCGLIB$$60fb442f] is not eligible for getting processed by all BeanPostProcessors (for example: not eligible for auto-proxying)
2019-10-12 19:01:06,936 INFO org.springframework.boot.web.embedded.tomcat.TomcatWebServer [main] Tomcat initialized with port(s): 8089 (http)
2019-10-12 19:01:06,951 INFO org.apache.juli.logging.DirectJDKLog [main] Initializing ProtocolHandler ["http-nio-8089"]
2019-10-12 19:01:06,963 INFO org.apache.juli.logging.DirectJDKLog [main] Starting service [Tomcat]
2019-10-12 19:01:06,964 INFO org.apache.juli.logging.DirectJDKLog [main] Starting Servlet engine: [Apache Tomcat/9.0.24]
2019-10-12 19:01:07,092 INFO org.apache.juli.logging.DirectJDKLog [main] Initializing Spring embedded WebApplicationContext
2019-10-12 19:01:07,092 DEBUG org.springframework.boot.web.servlet.context.ServletWebServerApplicationContext [main] Published root WebApplicationContext as ServletContext attribute with name [org.springframework.web.context.WebApplicationContext.ROOT]
2019-10-12 19:01:07,092 INFO org.springframework.boot.web.servlet.context.ServletWebServerApplicationContext [main] Root WebApplicationContext: initialization completed in 1913 ms
2019-10-12 19:01:07,217 INFO com.zaxxer.hikari.HikariDataSource [main] HikariPool-1 - Starting...
2019-10-12 19:01:07,330 INFO com.zaxxer.hikari.HikariDataSource [main] HikariPool-1 - Start completed.
2019-10-12 19:01:08,291 INFO liquibase.logging.core.Slf4jLogger [main] SELECT COUNT(*) FROM public.databasechangeloglock
2019-10-12 19:01:08,294 INFO liquibase.logging.core.Slf4jLogger [main] SELECT COUNT(*) FROM public.databasechangeloglock
2019-10-12 19:01:08,296 INFO liquibase.logging.core.Slf4jLogger [main] SELECT LOCKED FROM public.databasechangeloglock WHERE ID=1
2019-10-12 19:01:08,307 INFO liquibase.logging.core.Slf4jLogger [main] Successfully acquired change log lock
2019-10-12 19:01:09,276 INFO liquibase.logging.core.Slf4jLogger [main] SELECT MD5SUM FROM public.databasechangelog WHERE MD5SUM IS NOT NULL LIMIT 1
2019-10-12 19:01:09,278 INFO liquibase.logging.core.Slf4jLogger [main] SELECT COUNT(*) FROM public.databasechangelog
2019-10-12 19:01:09,279 INFO liquibase.logging.core.Slf4jLogger [main] Reading from public.databasechangelog
2019-10-12 19:01:09,280 INFO liquibase.logging.core.Slf4jLogger [main] SELECT * FROM public.databasechangelog ORDER BY DATEEXECUTED ASC, ORDEREXECUTED ASC
2019-10-12 19:01:09,292 INFO liquibase.logging.core.Slf4jLogger [main] Successfully released change log lock
2019-10-12 19:01:10,223 INFO org.springframework.orm.jpa.AbstractEntityManagerFactoryBean [main] Initialized JPA EntityManagerFactory for persistence unit 'default'
2019-10-12 19:01:10,346 TRACE org.springframework.web.servlet.handler.AbstractUrlHandlerMapping [main] Mapped [/**/favicon.ico] onto ResourceHttpRequestHandler [class path resource [META-INF/resources/], class path resource [resources/], class path resource [static/], class path resource [public/], ServletContext resource [/], class path resource []]
2019-10-12 19:01:10,347 DEBUG org.springframework.web.servlet.handler.SimpleUrlHandlerMapping [main] Patterns [/**/favicon.ico] in 'faviconHandlerMapping'
2019-10-12 19:01:10,638 INFO org.springframework.scheduling.concurrent.ExecutorConfigurationSupport [main] Initializing ExecutorService 'applicationTaskExecutor'
2019-10-12 19:01:10,650 DEBUG org.springframework.web.servlet.mvc.method.annotation.RequestMappingHandlerAdapter [main] ControllerAdvice beans: 0 @ModelAttribute, 0 @InitBinder, 1 RequestBodyAdvice, 1 ResponseBodyAdvice
2019-10-12 19:01:10,672 WARN org.springframework.boot.autoconfigure.orm.jpa.JpaBaseConfiguration$JpaWebConfiguration$JpaWebMvcConfiguration [main] spring.jpa.open-in-view is enabled by default. Therefore, database queries may be performed during view rendering. Explicitly configure spring.jpa.open-in-view to disable this warning
2019-10-12 19:01:10,691 TRACE org.springframework.web.servlet.handler.AbstractHandlerMethodMapping [main] 
	c.e.d.l.c.CustomErrorController:
	{ /error}: handleError(HttpServletRequest)
2019-10-12 19:01:10,700 TRACE org.springframework.web.servlet.handler.AbstractHandlerMethodMapping [main] 
	c.e.d.l.c.LoginRestController:
	{GET /login}: get()
	{POST /login, consumes [application/json]}: logInForm(String)
	{DELETE /login}: delOrder()
2019-10-12 19:01:10,702 TRACE org.springframework.web.servlet.handler.AbstractHandlerMethodMapping [main] 
	c.e.d.l.c.OrderRestController:
	{DELETE /order/{name}}: delOrder(String)
	{GET /order}: addOrder()
	{POST /order, consumes [application/json]}: postOrder(PizzaName)
2019-10-12 19:01:10,704 TRACE org.springframework.web.servlet.handler.AbstractHandlerMethodMapping [main] 
	c.e.d.l.c.RegisterController:
	{POST, consumes [application/json]}: postOrder(User)
2019-10-12 19:01:10,705 TRACE org.springframework.web.servlet.handler.AbstractHandlerMethodMapping [main] 
	c.e.d.l.c.ResultController:
	{ /result}: resultForm()
2019-10-12 19:01:10,709 DEBUG org.springframework.web.servlet.handler.AbstractHandlerMethodMapping [main] 9 mappings in 'requestMappingHandlerMapping'
2019-10-12 19:01:10,736 TRACE org.springframework.web.servlet.handler.AbstractUrlHandlerMapping [main] Mapped [/register] onto '/register'
2019-10-12 19:01:10,737 DEBUG org.springframework.web.servlet.handler.AbstractDetectingUrlHandlerMapping [main] Detected 1 mappings in 'beanNameHandlerMapping'
2019-10-12 19:01:10,742 TRACE org.springframework.web.servlet.handler.AbstractUrlHandlerMapping [main] Mapped [/webjars/**] onto ResourceHttpRequestHandler ["classpath:/META-INF/resources/webjars/"]
2019-10-12 19:01:10,742 TRACE org.springframework.web.servlet.handler.AbstractUrlHandlerMapping [main] Mapped [/**] onto ResourceHttpRequestHandler ["classpath:/META-INF/resources/", "classpath:/resources/", "classpath:/static/", "classpath:/public/", "/"]
2019-10-12 19:01:10,743 DEBUG org.springframework.web.servlet.handler.SimpleUrlHandlerMapping [main] Patterns [/webjars/**, /**] in 'resourceHandlerMapping'
2019-10-12 19:01:10,751 DEBUG org.springframework.web.servlet.mvc.method.annotation.ExceptionHandlerExceptionResolver [main] ControllerAdvice beans: 0 @ExceptionHandler, 1 ResponseBodyAdvice
2019-10-12 19:01:11,229 INFO org.apache.juli.logging.DirectJDKLog [main] Starting ProtocolHandler ["http-nio-8089"]
2019-10-12 19:01:11,255 INFO org.springframework.boot.web.embedded.tomcat.TomcatWebServer [main] Tomcat started on port(s): 8089 (http) with context path ''
2019-10-12 19:01:11,258 INFO org.springframework.boot.StartupInfoLogger [main] Started DemoApplication in 6.901 seconds (JVM running for 8.31)
2019-10-12 19:02:12,372 INFO org.springframework.boot.StartupInfoLogger [main] Starting DemoApplication on MACHINE-0EN2R4S with PID 11128 (C:\Users\w1jtoo\Desktop\programming\Java\SpringBootWebApp\target\classes started by w1jtoo in C:\Users\w1jtoo\Desktop\programming\Java\SpringBootWebApp)
2019-10-12 19:02:12,391 INFO org.springframework.boot.SpringApplication [main] No active profile set, falling back to default profiles: default
2019-10-12 19:02:13,748 INFO org.springframework.data.repository.config.RepositoryConfigurationDelegate [main] Bootstrapping Spring Data repositories in DEFAULT mode.
2019-10-12 19:02:13,867 INFO org.springframework.data.repository.config.RepositoryConfigurationDelegate [main] Finished Spring Data repository scanning in 103ms. Found 1 repository interfaces.
2019-10-12 19:02:14,340 INFO org.springframework.context.support.PostProcessorRegistrationDelegate$BeanPostProcessorChecker [main] Bean 'org.springframework.transaction.annotation.ProxyTransactionManagementConfiguration' of type [org.springframework.transaction.annotation.ProxyTransactionManagementConfiguration$$EnhancerBySpringCGLIB$$888773aa] is not eligible for getting processed by all BeanPostProcessors (for example: not eligible for auto-proxying)
2019-10-12 19:02:14,665 INFO org.springframework.boot.web.embedded.tomcat.TomcatWebServer [main] Tomcat initialized with port(s): 8089 (http)
2019-10-12 19:02:14,681 INFO org.apache.juli.logging.DirectJDKLog [main] Initializing ProtocolHandler ["http-nio-8089"]
2019-10-12 19:02:14,695 INFO org.apache.juli.logging.DirectJDKLog [main] Starting service [Tomcat]
2019-10-12 19:02:14,696 INFO org.apache.juli.logging.DirectJDKLog [main] Starting Servlet engine: [Apache Tomcat/9.0.24]
2019-10-12 19:02:14,839 INFO org.apache.juli.logging.DirectJDKLog [main] Initializing Spring embedded WebApplicationContext
2019-10-12 19:02:14,840 INFO org.springframework.boot.web.servlet.context.ServletWebServerApplicationContext [main] Root WebApplicationContext: initialization completed in 2290 ms
2019-10-12 19:02:14,992 INFO com.zaxxer.hikari.HikariDataSource [main] HikariPool-1 - Starting...
2019-10-12 19:02:15,122 INFO com.zaxxer.hikari.HikariDataSource [main] HikariPool-1 - Start completed.
2019-10-12 19:02:16,240 INFO liquibase.logging.core.Slf4jLogger [main] SELECT COUNT(*) FROM public.databasechangeloglock
2019-10-12 19:02:16,243 INFO liquibase.logging.core.Slf4jLogger [main] SELECT COUNT(*) FROM public.databasechangeloglock
2019-10-12 19:02:16,245 INFO liquibase.logging.core.Slf4jLogger [main] SELECT LOCKED FROM public.databasechangeloglock WHERE ID=1
2019-10-12 19:02:16,256 INFO liquibase.logging.core.Slf4jLogger [main] Successfully acquired change log lock
2019-10-12 19:02:17,308 INFO liquibase.logging.core.Slf4jLogger [main] SELECT MD5SUM FROM public.databasechangelog WHERE MD5SUM IS NOT NULL LIMIT 1
2019-10-12 19:02:17,310 INFO liquibase.logging.core.Slf4jLogger [main] SELECT COUNT(*) FROM public.databasechangelog
2019-10-12 19:02:17,311 INFO liquibase.logging.core.Slf4jLogger [main] Reading from public.databasechangelog
2019-10-12 19:02:17,312 INFO liquibase.logging.core.Slf4jLogger [main] SELECT * FROM public.databasechangelog ORDER BY DATEEXECUTED ASC, ORDEREXECUTED ASC
2019-10-12 19:02:17,325 INFO liquibase.logging.core.Slf4jLogger [main] Successfully released change log lock
2019-10-12 19:02:17,430 INFO org.hibernate.jpa.internal.util.LogHelper [main] HHH000204: Processing PersistenceUnitInfo [
	name: default
	...]
2019-10-12 19:02:17,485 INFO org.hibernate.Version [main] HHH000412: Hibernate Core {5.3.11.Final}
2019-10-12 19:02:17,487 INFO org.hibernate.cfg.Environment [main] HHH000206: hibernate.properties not found
2019-10-12 19:02:17,601 INFO org.hibernate.annotations.common.reflection.java.JavaReflectionManager [main] HCANN000001: Hibernate Commons Annotations {5.0.4.Final}
2019-10-12 19:02:17,725 INFO org.hibernate.dialect.Dialect [main] HHH000400: Using dialect: org.hibernate.dialect.PostgreSQL95Dialect
2019-10-12 19:02:17,833 INFO org.hibernate.engine.jdbc.env.internal.LobCreatorBuilderImpl [main] HHH000424: Disabling contextual LOB creation as createClob() method threw error : java.lang.reflect.InvocationTargetException
java.lang.reflect.InvocationTargetException: null
	at java.base/jdk.internal.reflect.NativeMethodAccessorImpl.invoke0(Native Method)
	at java.base/jdk.internal.reflect.NativeMethodAccessorImpl.invoke(NativeMethodAccessorImpl.java:62)
	at java.base/jdk.internal.reflect.DelegatingMethodAccessorImpl.invoke(DelegatingMethodAccessorImpl.java:43)
	at java.base/java.lang.reflect.Method.invoke(Method.java:567)
	at org.hibernate.engine.jdbc.env.internal.LobCreatorBuilderImpl.useContextualLobCreation(LobCreatorBuilderImpl.java:113)
	at org.hibernate.engine.jdbc.env.internal.LobCreatorBuilderImpl.makeLobCreatorBuilder(LobCreatorBuilderImpl.java:54)
	at org.hibernate.engine.jdbc.env.internal.JdbcEnvironmentImpl.<init>(JdbcEnvironmentImpl.java:271)
	at org.hibernate.engine.jdbc.env.internal.JdbcEnvironmentInitiator.initiateService(JdbcEnvironmentInitiator.java:114)
	at org.hibernate.engine.jdbc.env.internal.JdbcEnvironmentInitiator.initiateService(JdbcEnvironmentInitiator.java:35)
	at org.hibernate.boot.registry.internal.StandardServiceRegistryImpl.initiateService(StandardServiceRegistryImpl.java:94)
	at org.hibernate.service.internal.AbstractServiceRegistryImpl.createService(AbstractServiceRegistryImpl.java:263)
	at org.hibernate.service.internal.AbstractServiceRegistryImpl.initializeService(AbstractServiceRegistryImpl.java:237)
	at org.hibernate.service.internal.AbstractServiceRegistryImpl.getService(AbstractServiceRegistryImpl.java:214)
	at org.hibernate.id.factory.internal.DefaultIdentifierGeneratorFactory.injectServices(DefaultIdentifierGeneratorFactory.java:152)
	at org.hibernate.service.internal.AbstractServiceRegistryImpl.injectDependencies(AbstractServiceRegistryImpl.java:286)
	at org.hibernate.service.internal.AbstractServiceRegistryImpl.initializeService(AbstractServiceRegistryImpl.java:243)
	at org.hibernate.service.internal.AbstractServiceRegistryImpl.getService(AbstractServiceRegistryImpl.java:214)
	at org.hibernate.boot.internal.InFlightMetadataCollectorImpl.<init>(InFlightMetadataCollectorImpl.java:179)
	at org.hibernate.boot.model.process.spi.MetadataBuildingProcess.complete(MetadataBuildingProcess.java:119)
	at org.hibernate.jpa.boot.internal.EntityManagerFactoryBuilderImpl.metadata(EntityManagerFactoryBuilderImpl.java:904)
	at org.hibernate.jpa.boot.internal.EntityManagerFactoryBuilderImpl.build(EntityManagerFactoryBuilderImpl.java:935)
	at org.springframework.orm.jpa.vendor.SpringHibernateJpaPersistenceProvider.createContainerEntityManagerFactory(SpringHibernateJpaPersistenceProvider.java:57)
	at org.springframework.orm.jpa.LocalContainerEntityManagerFactoryBean.createNativeEntityManagerFactory(LocalContainerEntityManagerFactoryBean.java:365)
	at org.springframework.orm.jpa.AbstractEntityManagerFactoryBean.buildNativeEntityManagerFactory(AbstractEntityManagerFactoryBean.java:390)
	at org.springframework.orm.jpa.AbstractEntityManagerFactoryBean.afterPropertiesSet(AbstractEntityManagerFactoryBean.java:377)
	at org.springframework.orm.jpa.LocalContainerEntityManagerFactoryBean.afterPropertiesSet(LocalContainerEntityManagerFactoryBean.java:341)
	at org.springframework.beans.factory.support.AbstractAutowireCapableBeanFactory.invokeInitMethods(AbstractAutowireCapableBeanFactory.java:1837)
	at org.springframework.beans.factory.support.AbstractAutowireCapableBeanFactory.initializeBean(AbstractAutowireCapableBeanFactory.java:1774)
	at org.springframework.beans.factory.support.AbstractAutowireCapableBeanFactory.doCreateBean(AbstractAutowireCapableBeanFactory.java:593)
	at org.springframework.beans.factory.support.AbstractAutowireCapableBeanFactory.createBean(AbstractAutowireCapableBeanFactory.java:515)
	at org.springframework.beans.factory.support.AbstractBeanFactory.lambda$doGetBean$0(AbstractBeanFactory.java:320)
	at org.springframework.beans.factory.support.DefaultSingletonBeanRegistry.getSingleton(DefaultSingletonBeanRegistry.java:222)
	at org.springframework.beans.factory.support.AbstractBeanFactory.doGetBean(AbstractBeanFactory.java:318)
	at org.springframework.beans.factory.support.AbstractBeanFactory.getBean(AbstractBeanFactory.java:199)
	at org.springframework.context.support.AbstractApplicationContext.getBean(AbstractApplicationContext.java:1105)
	at org.springframework.context.support.AbstractApplicationContext.finishBeanFactoryInitialization(AbstractApplicationContext.java:867)
	at org.springframework.context.support.AbstractApplicationContext.refresh(AbstractApplicationContext.java:549)
	at org.springframework.boot.web.servlet.context.ServletWebServerApplicationContext.refresh(ServletWebServerApplicationContext.java:141)
	at org.springframework.boot.SpringApplication.refresh(SpringApplication.java:744)
	at org.springframework.boot.SpringApplication.refreshContext(SpringApplication.java:391)
	at org.springframework.boot.SpringApplication.run(SpringApplication.java:312)
	at org.springframework.boot.SpringApplication.run(SpringApplication.java:1215)
	at org.springframework.boot.SpringApplication.run(SpringApplication.java:1204)
	at com.example.demo.DemoApplication.main(DemoApplication.java:19)
Caused by: java.sql.SQLFeatureNotSupportedException: Метод org.postgresql.jdbc.PgConnection.createClob() ещё не реализован
	at org.postgresql.Driver.notImplemented(Driver.java:692)
	at org.postgresql.jdbc.PgConnection.createClob(PgConnection.java:1265)
	... 44 common frames omitted
2019-10-12 19:02:17,847 INFO org.hibernate.type.BasicTypeRegistry [main] HHH000270: Type registration [java.util.UUID] overrides previous : org.hibernate.type.UUIDBinaryType@1f4cb17b
2019-10-12 19:02:18,396 INFO org.springframework.orm.jpa.AbstractEntityManagerFactoryBean [main] Initialized JPA EntityManagerFactory for persistence unit 'default'
2019-10-12 19:02:18,852 INFO org.springframework.scheduling.concurrent.ExecutorConfigurationSupport [main] Initializing ExecutorService 'applicationTaskExecutor'
2019-10-12 19:02:18,888 WARN org.springframework.boot.autoconfigure.orm.jpa.JpaBaseConfiguration$JpaWebConfiguration$JpaWebMvcConfiguration [main] spring.jpa.open-in-view is enabled by default. Therefore, database queries may be performed during view rendering. Explicitly configure spring.jpa.open-in-view to disable this warning
2019-10-12 19:02:19,599 INFO org.apache.juli.logging.DirectJDKLog [main] Starting ProtocolHandler ["http-nio-8089"]
2019-10-12 19:02:19,626 INFO org.springframework.boot.web.embedded.tomcat.TomcatWebServer [main] Tomcat started on port(s): 8089 (http) with context path ''
2019-10-12 19:02:19,631 INFO org.springframework.boot.StartupInfoLogger [main] Started DemoApplication in 8.191 seconds (JVM running for 9.693)
2019-10-12 19:02:28,718 INFO org.apache.juli.logging.DirectJDKLog [http-nio-8089-exec-1] Initializing Spring DispatcherServlet 'dispatcherServlet'
2019-10-12 19:02:28,720 INFO org.springframework.web.servlet.FrameworkServlet [http-nio-8089-exec-1] Initializing Servlet 'dispatcherServlet'
2019-10-12 19:02:28,731 INFO org.springframework.web.servlet.FrameworkServlet [http-nio-8089-exec-1] Completed initialization in 10 ms
2019-10-12 19:02:28,763 INFO com.example.demo.logic.controllers.LoginRestController [http-nio-8089-exec-1] HEY IM LOGGER
2019-10-12 19:02:28,764 INFO com.example.demo.logic.controllers.LoginRestController [http-nio-8089-exec-1] An INFO Message
2019-10-12 19:02:28,764 WARN com.example.demo.logic.controllers.LoginRestController [http-nio-8089-exec-1] A WARN Message
2019-10-12 19:02:28,765 ERROR com.example.demo.logic.controllers.LoginRestController [http-nio-8089-exec-1] An ERROR Message
2019-10-12 19:07:54,800 INFO org.springframework.boot.StartupInfoLogger [main] Starting DemoApplication on MACHINE-0EN2R4S with PID 10880 (C:\Users\w1jtoo\Desktop\programming\Java\SpringBootWebApp\target\classes started by w1jtoo in C:\Users\w1jtoo\Desktop\programming\Java\SpringBootWebApp)
2019-10-12 19:07:54,805 INFO org.springframework.boot.SpringApplication [main] No active profile set, falling back to default profiles: default
2019-10-12 19:07:55,955 INFO org.springframework.data.repository.config.RepositoryConfigurationDelegate [main] Bootstrapping Spring Data repositories in DEFAULT mode.
2019-10-12 19:07:56,037 INFO org.springframework.data.repository.config.RepositoryConfigurationDelegate [main] Finished Spring Data repository scanning in 73ms. Found 1 repository interfaces.
2019-10-12 19:07:56,468 INFO org.springframework.context.support.PostProcessorRegistrationDelegate$BeanPostProcessorChecker [main] Bean 'org.springframework.transaction.annotation.ProxyTransactionManagementConfiguration' of type [org.springframework.transaction.annotation.ProxyTransactionManagementConfiguration$$EnhancerBySpringCGLIB$$e329ad7b] is not eligible for getting processed by all BeanPostProcessors (for example: not eligible for auto-proxying)
2019-10-12 19:07:56,773 INFO org.springframework.boot.web.embedded.tomcat.TomcatWebServer [main] Tomcat initialized with port(s): 8089 (http)
2019-10-12 19:07:56,790 INFO org.apache.juli.logging.DirectJDKLog [main] Initializing ProtocolHandler ["http-nio-8089"]
2019-10-12 19:07:56,806 INFO org.apache.juli.logging.DirectJDKLog [main] Starting service [Tomcat]
2019-10-12 19:07:56,806 INFO org.apache.juli.logging.DirectJDKLog [main] Starting Servlet engine: [Apache Tomcat/9.0.24]
2019-10-12 19:07:56,936 INFO org.apache.juli.logging.DirectJDKLog [main] Initializing Spring embedded WebApplicationContext
2019-10-12 19:07:56,936 INFO org.springframework.boot.web.servlet.context.ServletWebServerApplicationContext [main] Root WebApplicationContext: initialization completed in 2043 ms
2019-10-12 19:07:57,054 INFO com.zaxxer.hikari.HikariDataSource [main] HikariPool-1 - Starting...
2019-10-12 19:07:57,179 INFO com.zaxxer.hikari.HikariDataSource [main] HikariPool-1 - Start completed.
2019-10-12 19:07:58,271 INFO liquibase.logging.core.Slf4jLogger [main] SELECT COUNT(*) FROM public.databasechangeloglock
2019-10-12 19:07:58,273 INFO liquibase.logging.core.Slf4jLogger [main] SELECT COUNT(*) FROM public.databasechangeloglock
2019-10-12 19:07:58,276 INFO liquibase.logging.core.Slf4jLogger [main] SELECT LOCKED FROM public.databasechangeloglock WHERE ID=1
2019-10-12 19:07:58,287 INFO liquibase.logging.core.Slf4jLogger [main] Successfully acquired change log lock
2019-10-12 19:07:59,248 INFO liquibase.logging.core.Slf4jLogger [main] SELECT MD5SUM FROM public.databasechangelog WHERE MD5SUM IS NOT NULL LIMIT 1
2019-10-12 19:07:59,250 INFO liquibase.logging.core.Slf4jLogger [main] SELECT COUNT(*) FROM public.databasechangelog
2019-10-12 19:07:59,251 INFO liquibase.logging.core.Slf4jLogger [main] Reading from public.databasechangelog
2019-10-12 19:07:59,251 INFO liquibase.logging.core.Slf4jLogger [main] SELECT * FROM public.databasechangelog ORDER BY DATEEXECUTED ASC, ORDEREXECUTED ASC
2019-10-12 19:07:59,271 INFO liquibase.logging.core.Slf4jLogger [main] Successfully released change log lock
2019-10-12 19:07:59,366 INFO org.hibernate.jpa.internal.util.LogHelper [main] HHH000204: Processing PersistenceUnitInfo [
	name: default
	...]
2019-10-12 19:07:59,424 INFO org.hibernate.Version [main] HHH000412: Hibernate Core {5.3.11.Final}
2019-10-12 19:07:59,427 INFO org.hibernate.cfg.Environment [main] HHH000206: hibernate.properties not found
2019-10-12 19:07:59,546 INFO org.hibernate.annotations.common.reflection.java.JavaReflectionManager [main] HCANN000001: Hibernate Commons Annotations {5.0.4.Final}
2019-10-12 19:07:59,667 INFO org.hibernate.dialect.Dialect [main] HHH000400: Using dialect: org.hibernate.dialect.PostgreSQL95Dialect
2019-10-12 19:07:59,742 INFO org.hibernate.engine.jdbc.env.internal.LobCreatorBuilderImpl [main] HHH000424: Disabling contextual LOB creation as createClob() method threw error : java.lang.reflect.InvocationTargetException
java.lang.reflect.InvocationTargetException: null
	at java.base/jdk.internal.reflect.NativeMethodAccessorImpl.invoke0(Native Method)
	at java.base/jdk.internal.reflect.NativeMethodAccessorImpl.invoke(NativeMethodAccessorImpl.java:62)
	at java.base/jdk.internal.reflect.DelegatingMethodAccessorImpl.invoke(DelegatingMethodAccessorImpl.java:43)
	at java.base/java.lang.reflect.Method.invoke(Method.java:567)
	at org.hibernate.engine.jdbc.env.internal.LobCreatorBuilderImpl.useContextualLobCreation(LobCreatorBuilderImpl.java:113)
	at org.hibernate.engine.jdbc.env.internal.LobCreatorBuilderImpl.makeLobCreatorBuilder(LobCreatorBuilderImpl.java:54)
	at org.hibernate.engine.jdbc.env.internal.JdbcEnvironmentImpl.<init>(JdbcEnvironmentImpl.java:271)
	at org.hibernate.engine.jdbc.env.internal.JdbcEnvironmentInitiator.initiateService(JdbcEnvironmentInitiator.java:114)
	at org.hibernate.engine.jdbc.env.internal.JdbcEnvironmentInitiator.initiateService(JdbcEnvironmentInitiator.java:35)
	at org.hibernate.boot.registry.internal.StandardServiceRegistryImpl.initiateService(StandardServiceRegistryImpl.java:94)
	at org.hibernate.service.internal.AbstractServiceRegistryImpl.createService(AbstractServiceRegistryImpl.java:263)
	at org.hibernate.service.internal.AbstractServiceRegistryImpl.initializeService(AbstractServiceRegistryImpl.java:237)
	at org.hibernate.service.internal.AbstractServiceRegistryImpl.getService(AbstractServiceRegistryImpl.java:214)
	at org.hibernate.id.factory.internal.DefaultIdentifierGeneratorFactory.injectServices(DefaultIdentifierGeneratorFactory.java:152)
	at org.hibernate.service.internal.AbstractServiceRegistryImpl.injectDependencies(AbstractServiceRegistryImpl.java:286)
	at org.hibernate.service.internal.AbstractServiceRegistryImpl.initializeService(AbstractServiceRegistryImpl.java:243)
	at org.hibernate.service.internal.AbstractServiceRegistryImpl.getService(AbstractServiceRegistryImpl.java:214)
	at org.hibernate.boot.internal.InFlightMetadataCollectorImpl.<init>(InFlightMetadataCollectorImpl.java:179)
	at org.hibernate.boot.model.process.spi.MetadataBuildingProcess.complete(MetadataBuildingProcess.java:119)
	at org.hibernate.jpa.boot.internal.EntityManagerFactoryBuilderImpl.metadata(EntityManagerFactoryBuilderImpl.java:904)
	at org.hibernate.jpa.boot.internal.EntityManagerFactoryBuilderImpl.build(EntityManagerFactoryBuilderImpl.java:935)
	at org.springframework.orm.jpa.vendor.SpringHibernateJpaPersistenceProvider.createContainerEntityManagerFactory(SpringHibernateJpaPersistenceProvider.java:57)
	at org.springframework.orm.jpa.LocalContainerEntityManagerFactoryBean.createNativeEntityManagerFactory(LocalContainerEntityManagerFactoryBean.java:365)
	at org.springframework.orm.jpa.AbstractEntityManagerFactoryBean.buildNativeEntityManagerFactory(AbstractEntityManagerFactoryBean.java:390)
	at org.springframework.orm.jpa.AbstractEntityManagerFactoryBean.afterPropertiesSet(AbstractEntityManagerFactoryBean.java:377)
	at org.springframework.orm.jpa.LocalContainerEntityManagerFactoryBean.afterPropertiesSet(LocalContainerEntityManagerFactoryBean.java:341)
	at org.springframework.beans.factory.support.AbstractAutowireCapableBeanFactory.invokeInitMethods(AbstractAutowireCapableBeanFactory.java:1837)
	at org.springframework.beans.factory.support.AbstractAutowireCapableBeanFactory.initializeBean(AbstractAutowireCapableBeanFactory.java:1774)
	at org.springframework.beans.factory.support.AbstractAutowireCapableBeanFactory.doCreateBean(AbstractAutowireCapableBeanFactory.java:593)
	at org.springframework.beans.factory.support.AbstractAutowireCapableBeanFactory.createBean(AbstractAutowireCapableBeanFactory.java:515)
	at org.springframework.beans.factory.support.AbstractBeanFactory.lambda$doGetBean$0(AbstractBeanFactory.java:320)
	at org.springframework.beans.factory.support.DefaultSingletonBeanRegistry.getSingleton(DefaultSingletonBeanRegistry.java:222)
	at org.springframework.beans.factory.support.AbstractBeanFactory.doGetBean(AbstractBeanFactory.java:318)
	at org.springframework.beans.factory.support.AbstractBeanFactory.getBean(AbstractBeanFactory.java:199)
	at org.springframework.context.support.AbstractApplicationContext.getBean(AbstractApplicationContext.java:1105)
	at org.springframework.context.support.AbstractApplicationContext.finishBeanFactoryInitialization(AbstractApplicationContext.java:867)
	at org.springframework.context.support.AbstractApplicationContext.refresh(AbstractApplicationContext.java:549)
	at org.springframework.boot.web.servlet.context.ServletWebServerApplicationContext.refresh(ServletWebServerApplicationContext.java:141)
	at org.springframework.boot.SpringApplication.refresh(SpringApplication.java:744)
	at org.springframework.boot.SpringApplication.refreshContext(SpringApplication.java:391)
	at org.springframework.boot.SpringApplication.run(SpringApplication.java:312)
	at org.springframework.boot.SpringApplication.run(SpringApplication.java:1215)
	at org.springframework.boot.SpringApplication.run(SpringApplication.java:1204)
	at com.example.demo.DemoApplication.main(DemoApplication.java:19)
Caused by: java.sql.SQLFeatureNotSupportedException: Метод org.postgresql.jdbc.PgConnection.createClob() ещё не реализован
	at org.postgresql.Driver.notImplemented(Driver.java:692)
	at org.postgresql.jdbc.PgConnection.createClob(PgConnection.java:1265)
	... 44 common frames omitted
2019-10-12 19:07:59,759 INFO org.hibernate.type.BasicTypeRegistry [main] HHH000270: Type registration [java.util.UUID] overrides previous : org.hibernate.type.UUIDBinaryType@51fa09c7
2019-10-12 19:08:00,254 INFO org.springframework.orm.jpa.AbstractEntityManagerFactoryBean [main] Initialized JPA EntityManagerFactory for persistence unit 'default'
2019-10-12 19:08:00,684 INFO org.springframework.scheduling.concurrent.ExecutorConfigurationSupport [main] Initializing ExecutorService 'applicationTaskExecutor'
2019-10-12 19:08:00,719 WARN org.springframework.boot.autoconfigure.orm.jpa.JpaBaseConfiguration$JpaWebConfiguration$JpaWebMvcConfiguration [main] spring.jpa.open-in-view is enabled by default. Therefore, database queries may be performed during view rendering. Explicitly configure spring.jpa.open-in-view to disable this warning
2019-10-12 19:08:01,272 INFO org.apache.juli.logging.DirectJDKLog [main] Starting ProtocolHandler ["http-nio-8089"]
2019-10-12 19:08:01,302 INFO org.springframework.boot.web.embedded.tomcat.TomcatWebServer [main] Tomcat started on port(s): 8089 (http) with context path ''
2019-10-12 19:08:01,308 INFO org.springframework.boot.StartupInfoLogger [main] Started DemoApplication in 7.377 seconds (JVM running for 8.72)
2019-10-12 19:08:24,742 INFO org.apache.juli.logging.DirectJDKLog [http-nio-8089-exec-1] Initializing Spring DispatcherServlet 'dispatcherServlet'
2019-10-12 19:08:24,743 INFO org.springframework.web.servlet.FrameworkServlet [http-nio-8089-exec-1] Initializing Servlet 'dispatcherServlet'
2019-10-12 19:08:24,753 INFO org.springframework.web.servlet.FrameworkServlet [http-nio-8089-exec-1] Completed initialization in 9 ms
2019-10-12 19:08:24,780 INFO com.example.demo.logic.controllers.LoginRestController [http-nio-8089-exec-1] Show user state.
